2012/07/17 13:27:14 [error] [php] Use of undefined constant ROCID_HOST - assumed 'ROCID_HOST' (/Users/Alaris/Documents/Work/rocid/www/bootstrap.php:16)
Stack trace:
#0 /Users/Alaris/Documents/Work/rocid/www/bootstrap.php(16): CWebApplication->handleError()
#1 /Users/Alaris/Documents/Work/rocid/www/index.php(31): require_once()
REQUEST_URI=/
2012/07/17 13:27:29 [error] [php] Use of undefined constant ROCID_HOST - assumed 'ROCID_HOST' (/Users/Alaris/Documents/Work/rocid/www/bootstrap.php:16)
Stack trace:
#0 /Users/Alaris/Documents/Work/rocid/www/bootstrap.php(16): CWebApplication->handleError()
#1 /Users/Alaris/Documents/Work/rocid/www/index.php(31): require_once()
REQUEST_URI=/
2012/07/17 13:27:46 [error] [php] Use of undefined constant ROCID_HOST - assumed 'ROCID_HOST' (/Users/Alaris/Documents/Work/rocid/www/bootstrap.php:16)
Stack trace:
#0 /Users/Alaris/Documents/Work/rocid/www/bootstrap.php(16): CWebApplication->handleError()
#1 /Users/Alaris/Documents/Work/rocid/www/index.php(30): require_once()
REQUEST_URI=/
2012/07/17 13:27:49 [error] [php] Use of undefined constant ROCID_HOST - assumed 'ROCID_HOST' (/Users/Alaris/Documents/Work/rocid/www/bootstrap.php:16)
Stack trace:
#0 /Users/Alaris/Documents/Work/rocid/www/bootstrap.php(16): CWebApplication->handleError()
#1 /Users/Alaris/Documents/Work/rocid/www/index.php(30): require_once()
REQUEST_URI=/
2012/07/17 17:13:21 [error] [php] include(RocidModuleGenerator.php) [<a href='function.include'>function.include</a>]: failed to open stream: No such file or directory (/Users/Alaris/Documents/Work/rocid/framework/YiiBase.php:421)
Stack trace:
#0 /Users/Alaris/Documents/Work/rocid/framework/YiiBase.php(209): spl_autoload_call()
#1 /Users/Alaris/Documents/Work/rocid/framework/web/CWebApplication.php(327): createComponent()
#2 /Users/Alaris/Documents/Work/rocid/framework/web/CWebApplication.php(333): CWebApplication->createController()
#3 /Users/Alaris/Documents/Work/rocid/framework/web/CWebApplication.php(271): CWebApplication->createController()
#4 /Users/Alaris/Documents/Work/rocid/framework/web/CWebApplication.php(136): CWebApplication->runController()
#5 /Users/Alaris/Documents/Work/rocid/framework/base/CApplication.php(158): CWebApplication->processRequest()
#6 /Users/Alaris/Documents/Work/rocid/www/index.php(19): CWebApplication->run()
REQUEST_URI=/gii/rocidModule/
in /Users/Alaris/Documents/Work/rocid/www/index.php (19)
