105524 alena.burko@mail.ru
28890 sdrama@yandex.ru
99992 dinar.ibragimov@gmail.com
105524 alena.burko@mail.ru
28890 sdrama@yandex.ru
99992 dinar.ibragimov@gmail.com
115282 alina.nazarova@seonews.ru
132348 dmitry.kurenov@mail.ru
57198 mithanar@mail.ru
20749 suchkov.an@gmail.com
125143 e.bobrova@rambler-co.ru
82266 dgusev@gmail.com
38876 solovieva@raec.ru
390 vlad@yur.ru
1660 dizhak@rocit.ru
108590 coolikof@mail.ru
40778 musixoid@gmail.com
55813 loko@bk.ru
43898 muratov.andrey@gmail.com
31052 i-gogoleva@yandex.ru
79237 aleksky@gmail.com
1332 o.ivanova@ashmanov.com
14342 epifanova@rocit.ru
102054 markorone@gmail.com
97489 g1f@mail.ru
53852 EChistova@beeline.ru
86122 m.lebesheva@gmail.com
139389 vinogradov@cybercop.ru
1320 alex@elama.ru
81543 zaitsev1983@mail.ru
11366  m.kisin@goodsmatrix.ru
84938 ssgeniy@mail.ru
2344 dmitry@qb-online.ru
122674 rtv@itconstruct.ru
136800 annaglzrn@gmail.com
54966 arkadiy@eLama.ru
812 fosh@post.ru
125083 olga.pogosskaya@roche.com
50728 vetas.77@gmail.com
55052 mamaev.aleksander@gmail.com
124509 kazakov.pro@gmail.com
55810 a.rumyantseva@westcall.spb.ru
866 toko@qsoft.ru
13403 ilesovskaya@hse.ru
125432 andysk@mail.ru
1897 my-5box@yandex.ru
87930 manov@manov.ru
119271 alexey@panfilov.net
106991 rocid.nomail+jeleznyaksergey@gmail.com
35857 mail@infoshell.ru
114766 89161445431@Mail.ru
14585 tigityan@gmail.com
29254 skorodum@mail.ru
105174 kosheleva@saferunet.ru
15720 abelyak@gmail.com
125146 nomail+deminaviktoriya@rocid.ru
17224 semenov@itep.ru
113715 k.v.mois@gmail.com
102565 starostina_valentina@mail.ru
104206 ipa63@mail.ru
2216 ta@megaplan.ru
108298 dmitryviktorov@yandex.ru
39025 ifreest@gmail.com
107114 sinelnikov@aeroidea.ru
139326 maildusidusi@yandex.ru
103685 lux@etcetera.ws
113210 smirnov_research@bk.ru
34540 q1118_73@mail.ru
108937 a.baranov@2gis.ru
50340 fedorov@ashmanov.com
125899 nomail+nikishinalexey@rocid.ru
43852 baskakova.olga@gmail.com
139179 r.muhamedova@plus.ru
454 max.borzov@gmail.com
17107 alfrit@mail.ru
53797 yakunchenkov@gmail.com
118474 my-ksuna@rambler.ru
2206 tomkonst2000@mail.ru
20378 vshul@list.ru
1441 jovchinnikova@gmail.com
100492 ds1305@mail.ru
19143 go@webht.ru
124172 zadokhin.a@yandex.ru
54311 imkvonavi@gmail.com
125823 zhukovalex@mail.ru
106547 kolesnikova.nastia@gmail.com
118563 Vladimir@generent.ru
663 vaa@nic.ru
122902 amazing_awesome@me.com
85336 m.svetikova@ashmanov.com
109711 ms@applap.ru
95490 unix-x@gearx.ru
123829 sl-hot@yandex.ru
40570 tat-a-tat@list.ru
42802 zabuzov@mail.ru
115400 nakuzyna@ya.ru
139194 admin@polifan-lkm.ru
7801 wolf@au.ru
127380 julia_progonova@mail.ru
112787 ilykotov@ya.ru
21650 levey@mail.ru
49672 luinvl@rambler.ru
125088 ashishkin@autocentercity.ru
48571 ya-ancha@yandex.ru
138977 am@d-t-i.org
37165 fomin.d.v@mail.ru
126299 nomail+agafonovmihail@rocid.ru
12998 mama@detochka.ru
20548 alexey@chudenkov.ru
28165 vbychkov@itcontent.ru
101542 shuklin@raec.ru
101780 simonenko.maksim@gmail.com
19344 mishlaev@gmail.com
34026 sachkov@group-ib.ru
124359 natalia.fedenko@gmail.com
39326 pleshkovvg@yandex.ru
1842 info@webdc.ru
15331 romellal@hotmail.com
85681 kadulin@agima.ru
91684 hell-child@yandex.ru
20328 dkharisov@mail.ru
124203 russia@webkeepers.ws
13896 noliten@outlook.com
139420 anna@kidscience.ru
125138 nomail+kozerogirina@rocid.ru
43756 stzarya@gmail.com
39910 irina@fert.ru
97630 annayastchenko@gmail.com
101042 verizhnikova.elena@gmail.com
17081 tvktvk@mail.ru
28304 stas@wikimedia.ru
125142 Smilemarta376@mail.ru
45500 lydmila-gc@mail.ru
86424 maria-shtokh@yandex.ru
87103 dsplatonov@gmail.com
118381 rocid.nomail+lipovandrei@gmail.com
125086 irina.savelieva@slav-dom.ru
115345 zhigaloff@gmail.com
128955 a.kurgosov@yandex.ru
10510 dmitryvg@gmail.com
19660 ps@pavelsafronov.ru
16062 ta-makarova@ya.ru
113700 rocid.nomail+bogdanovadiana@gmail.com
42819 igorbaryshev@rambler.ru
84808 vseregina07@yandex.ru
97969 dg@arkoff.ru
81341 dkud@mail.ru
104106 info@vxss.ru
38104 lena4-4@mail.ru
13457 d.battalov@gmail.com
123925 menedgeralex@tut.by
15154 linaud@yandex.ru
30541 abiserova@mail.ru
101629 d.kostrov@minsvyaz.ru
104502 avakov-vova@yandex.ru
105147 avpetkova@yandex.ru
132713 aplok2005@gmail.com
138409 VKastalskiy@sk.ru
106488 vivanov@ewi.info
100438 a.v.udovichenko@mail.ru
18353 DBuilova@electroshield.ru
104396 nikita@soloway.ru
31758 izmailov@raec.ru
16244 abramov-a-m@outlook.com
1555 mail2andrei@gmail.com
125148 nomail+jdanovakseniya@rocid.ru
30773 maket@elenara.ru
98988 tanya.nikolaeva@gmail.com
125113 cerruti337@yandex.ru
2350 chudvp@yandex.ru
118851 pertenava@dnevnik.ru
125117 lyvova@dostupokna.ru
39156 ilyabot@gmail.com
102884 m.a.krylova@gmail.com
104855 olgagw@yandex.ru
83648 erikaO_O@inbox.ru
123463 denisova.e@cliff.ru
80701 ya@nepofigist.ru
45773 kaktys1991@gmail.com
54867 kochenov@agima.ru
139381 bannikovpavel@mail.ru
14868 lokus107@gmail.com
321 andrey.korotov@yandex.ru
113414 gornovs@mail.ru
106025 a.ivanov@icontext.ru
49370 dilovar@amonov.com
367 ivan@webprojects.ru
105636 d.gorchakov@ya.ru
113691 rocid.nomail+tolstoypetr@gmail.com
56352 svshulga@gmail.com
116903 Alexey.Afanasyev@kaspersky.com
27580 myasnikova@raec.ru
112783 etrushina@nes.ru
18031 okc@netcat.ru
18240 paveldik@gmail.com
48706 pr49@ya.ru
96650 mozgovaya@corp.mail.ru
53671 mel2004@mail.ru
15728 evgeny.bespalov@gmail.ru
45345 esaltheone@gmail.com
84187 a.aplemakh@cdnvideo.ru
6562 i.pyzhova@cctld.ru
26156 nico-ex@mail.ru
51148 sevenroads@gmail.com
96253 Denis.Davydov@LigaInternet.Ru
94898 zaporozsky@gmail.com
14704 golubchikav@gmail.com
95149 mariaboyarova@gmail.com
19495 makstreet@gmail.com
22662 kshisya@gmail.com
122965 128@webexpert.ru
18009 info@onzza.ru
104418 harri-dors@mail.ru
40242 ivan@arealidea.ru
15656 n@vasenina.ru
50792 rodham@bk.ru
125118 mail@site4all.ru
108371 GAK3@mail.ru
54297 timwebmaster@yandex.ru
104131 regboxao@yandex.ru
1695 noizy@noizy.ru
102968 artem_tolkachev@atplaw.ru
106134 minecppm@mail.ru
43028 vadikharitonov@gmail.com
126166 v_shastov@denco.ru
139352 e.cherepkina@gmail.com
19780 vitafil@yandex.ru
84501 ovcharenko@fid.su
13181 vend_arty@mail.ru
100741 andrewp74@gmail.com
91645 triole@yandex.ru
44950 kandinskiy@inbox.ru
100845 pr3@yescenter.ru
107721 zloy_romahen@mail.ru
1752 igor@ashmanov.com
933 230@list.ru
49670 n.kirushina@yandex.ru
84139 mikhail.sketin@gmail.com
125081 muchok@gmail.com
14950 moscow@exportsavvy.com
126331 r.lapunov@gmail.com
1993 avo@mail.ru
104011 admin@cheba.ru
122586 chn1612@gmail.com
50922 a.m.d@bk.ru
102719 kirill.ermakov@philips.com
40853 D_Aldunin@mail.ru
5133 tbm@cbs-uz.ru
85477 esafronova@yandex.ru
86470 jvkriv@mail.ru
5469 andrei@cctld.ru
37993 andaf@mail.ru
412 mt@arton.ru
53517 levova@raec.ru
53685 ANA102008@yandex.ru
106982 vmamontoff@gmail.com
123479 art_2.0@mail.ru
125144 nomail+petrovatatyana@rocid.ru
125643 ebola0365@gmail.com
117147 anna.blednova@gmail.com
13871 tanushka_049@mail.ru
125114 info@newformstil.ru
14364 javad@teachpro.ru
54071 ema-jrn@yandex.ru
107100 m.kalinin@uniteller.ru
107125 irena.mikhailova@gmail.com
102803 olga@ultrasite.ru
28373 alexey_leonov@list.ru
54675 saamaar@gmail.com
118291 av@myasterisk.ru
1261 info@epfc.ru
45818 nata@zdravkurort.ru
124541 denisova.annie@gmail.com
43876 polinagvozd@mail.ru
83025 kmart@li.ru
17907 mikcher@microsoft.com
18104 m_fomich@mail.ru
125905 nomail+romenskiianton@rocid.ru
107058 aka.deton@gmail.com
124858 123artyom@gmail.com
82371 Peshehonovn@gmail.com
14633 lyashenko07@mail.ru
95046 imalinov@yandex.ru
349 vladislav.vovk@digitalmilestone.ru
20554 gmail@mishin.su
107663 kegor@ashmanov.com
123694 vadnaiap@webvdcom.ru
80829 bauntoo@gmail.com
41743 adueva@yandex.ru
50839 a.b.popov@easyfinance.ru
97505 kalafati@controlchaostech.com
105612 r@voytishko.ru
114381 golikov@zenon.net
1516 dm@di7.ru
90715 a.gainullina@rian.ru
101021 Kruglov-f@mail.ru
122573 efilimonova@ashmanov.com
53991 a.zabara@mail.ru
123615 TretiyMoscow@list.ru
113554 karpaul1@gmail.com
94486 dimafrap@gmail.com
125111 sergeenkov@medirus.ru
125104 ruslan.pogrebnyak@slavutich-media.ru
82586 anna.sokolova.pr@gmail.com
117872 wjames@mail.ru
91641 lidertv@gmail.com
11068 armen@stepanyan.ru
43981 nvamed@yandex.ru
44392 aanikin@yandex.ru
125926 nomail+ugarovaanastasiya@rocid.ru
113465 vsviridenko@cair.ru
42839 Lentam@mail.ru
102204 lesya_vo@mail.ru
113653 slavol2004@mail.ru
129121 slavfon@list.ru
54408 mihail@naletov.com
54453 darkboutique@gmail.com
45037 plukyanchuk@rbc.ru
8240 anya.svedlov@partners.ru
2556 a.zhukov@infoforum.ru
125153 nomail+rudakovaviktoriya@rocid.ru
83012 valery.priest@salesleads.ru
138392 igor.n.kuz@gmail.com
55266 matvey@matvey.mobi
139379 gatilin@fap.ru
55607 maksim.shelukhanov@gmail.com
106634 zaytsev@rt.ru
49465 ivan.likhoperskiy@raec.ru
9174 baoizm@gmail.com
37756 13995@mail.ru
107633 alexandra.gubanova@gmail.com
103604 dmtr1980@mail.ru
93193 wolffanger@gmail.com
98801 mike@karion.spb.ru
113719 ilya-mozg@yandex.ru
99381 yu-lli@yandex.ru
31152 mg@yandex-team.ru
87541 sergey.v.venture@gmail.com
13119 add.sound@gmail.com
85691 svetlana_l_s@mail.ru
22610 mitin@pcweek.ru
13500 k4tenok@gmail.com
51880 V.Larionov@qiwi.ru
27121 bn_bars@list.ru
84361 abris_jiina@mail.ru
115041 boris.malutin@gmail.com
126620 leonidka@gmail.com
82577 ginr@bk.ru
82892 maxv75@mail.ru
19390 office@profsolutions.ru
97785 nomail@rocid.ru
15262 gutorin@gmail.com
99814 sharlise1@yandex.ru
12953 v.eroshenko@gmail.com
96184 kulikovster@gmail.com
105389 yoric677@gmail.com
107379 vinogradova@ashmanov.com
13118 2722439@mail.ru
22339 iklp@umail.ru
109323 fpk-edako@mail.ru
125675 anastasiya.margolis@seonews.ru
125126 lenko_e@denco.ru
109998 andrej62ru@yandex.ru
136615 inform-trade@mail.ru
84424 p.ludkov@elevel.ru
39948 kazaryan@raec.ru
7940 ludlud@yandex.ru
105335 hoga@bk.ru
575 kar@ashmanov.com
355 k7681235@yandex.ru
52762 kurilovich_84@mail.ru
108930 hr.alexander@mail.ru
7312 oleg.bunin@ontico.ru
103932 Andrey.Kuznetsov@ru.ey.com
122438 edit@privacy-journal.ru
14787 kulhazker@gmail.com
38938 nearensy@rinet.ru
49956 alexprmail@gmail.com
17290 igor.sanin@gmail.com
7451 german.klimenko@gmail.com
13771 artemy@lomov.ru
113123 info@delmoscow.ru
11212 kustiko@mail.ru
39407 milokz@gmail.com
1454 ndok@presscan.ru
84091 vladimir4123@gmail.com
105930 moscow@itconstruct.ru
123813 OJeeva@gmail.com
101142 chtoto.chtoto@gmail.com
114927 6015010@gmail.com
122337 alukatsk@cisco.com
104058 info@roleg.ru
123412 ashepilov79@gmail.com
113494 al.stadnik@gmail.com
15969 developer@orika.ru
35160 shumakov@ashmanov.com
124977 pavelgerda@me.com
128137 vlasov@calltouch.ru
13576 dm@arton.ru
110988 grigorievya@gmail.com
28122 tirimaria@gmail.com
18120 vorobieva@raec.ru
85381 diachenko.max@gmail.com
112023 soulas_84@mail.ru
116602 kuralugnov@gmail.com
14676 bnp@bk.ru
39630 ivolkov_via@yahoo.com
53516 bav512@gmail.com
96622 ro_mail@mail.ru
2043 info@content-filtering.ru
102886 ekaterina@barentsnova.com
48458 decemberfox@ya.ru
85064 geografff@rambler.ru
125135 zn@hairshop.ru
47141 support@faydix.ru
51323 kashtandos@gmail.com
80229 lev@spichka.biz
96801 fda86@list.ru
110769 a.starchenkov@biplane.ru
125948 nomail+dudninckiadimir@rocid.ru
106796 dunyasha07@yandex.ru
40552 demonsh180187@gmail.com
13463 m.yakushev@gmail.com
117408 berezin@damarketing.ru
126276 asavchenko@advancedigital.ru
48001 Belokopytova.Alexandra@gmail.com
81600 vermin@vmx.ru
13392 weblux@inbox.ru
126287 liubov.tsetkova@fotolia.com
1378 dmitrygum@gmail.com
18633 alex@zuzin.com
40365 eugene.ustupkin@gmail.com
85126 marat@lunadesign.ru
105009 legendexi@mail.ru
125106 market@webformula.pro
3415 soldatova.galina@gmail.com
102253 specialist1977@mail.ru
16266 vadim@webdom.net
126293 agsvyazi@yandex.ru
127708 vetkin@saturn-ht.ru
42750 goncharovavaleri@gmail.com
95903 ys@nanosemantics.ru
139335 partner@infoforum.ru
19211 taksa_xorowaja@mail.ru
29909 t-troll@ya.ru
90829 gigspazle@yandex.ru
105874 jah-jah@mail.ru
84873 bogdanov@agima.ru
54342 igorfomix@gmail.com
56221 kovalenko.daria@gmail.com
42666 an@ashmanov.com
114342 egould@digitalboutique.ru
40157 expoabc@yandex.ru
97611 dd@ligainternet.ru
104494 mariamva@yandex.ru
18113 sg.strelnikova@gmail.com
43952 oleg_gvozdev@mail.ru
105447 alla.m@livetex.ru
85399 yakov.mozhaev@gmail.com
94561 episheva@gmail.com
96720 aromensky@yandex.ru
98679 DDU@beeline.ru
109108 mikhail.kulakov@outlook.com
29378 nastya-kt@rambler.ru
55309 zaytseva@raec.ru
109601 srt959@gmail.com
125109 sale@pr-irk.ru
14619 mail@visulo.ru
42211 ivafana@gmail.com
125139 nomail+slepcovalexey@rocid.ru
13059 Lucillekey@yandex.ru
11617 galkina3@yandex.ru
102135 Asteroid7@yandex.ru
91535 a.v.bakeev@gmail.com
35015 i.shadrin@gmail.com
49691 pr@timeofnewz.ru
112556 rexxx71@mail.ru
32559 romanleonov@rambler.ru
108898 biryukoff.a@gmail.com
22743 pqorama@gmail.com
45215 and-sh@yandex.ru
45528 logunina@yandex.ru
113569 voronin@cstech.ru
12959 grebennikov@raec.ru
125773 rggushnik@mail.ru
125916 nomail+bocharovatatyana@rocid.ru
29235 naumov.alexander@gmail.com
102402 kvsmirnov@yandex.ru
139339 2232992@gmail.com
106325 dost@m-i-f.ru
104237 sttregubov@gmail.com
124993 olesya.obud@mail.ru
108110 abeshkov@microsoft.com
17710 i.a.jakovenko@gmail.com
51428 eem.rus@gmail.com
43451 pete.orlov@gmail.com
119327 george@piskorsky.com
125941 nomail+zubkovdenis@rocid.ru
97532 info@peresedov.tel
113098 vizualistcom@gmail.com
113683 artem.shibanov@gmail.com
80938 semenovva@project-33.ru
103200 s.podstrigaeva@mail.ru
29082 honipa@mail.ru
101718 al_bol73@yahoo.com
123263 hav4ik07@mail.ru
34737 artreunion@ya.ru
49230 kafedra411@mail.ru
124516 chumakov@inside.ru
3551 mpoli@rambler.ru
17580 vadim@frtk.ru
13045 mitrofanov@qsoft.ru
13603 subbotin@mail.ru
128036 l.orlova@rian.ru
35073 ws7676@yandex.ru
101372 rommbox@mail.ru
26676 o.paderin@gmail.com
91056 ohotnikizagolovami@yandex.ru
106006 dm-stay@yandex.ru
13029 olga.bass@i-association.ru
113545 vadmail.737@gmail.com
21930 igor.gonebnyy@gmail.com
13519 web@ibs-m.ru
123207 mail@mnaumov.ru
14262 Nikolay.Matsievsky@webo.name
45227 tarakhno@gmail.com
108799 Kseniya.Titenkova@rt.ru
102854 irimyr@mail.ru
97687 bigbobby@yandex.ru
15600 vladimir.kg@mail.ru
36733 vitaliy@lobachev.ru
31240 vdanilin@ashmanov.com
35002 churilov.alexander@gmail.com
13035 olv.kuleshova@gmail.com
101955 fedor@trilan.ru
22724 subarist@gmail.com
114670 esmarmix@gmail.com
48004 rk4bmstu@gmail.com
51137 konstantin.yan@gmail.com
50759 gavroshe@gmail.com
15130 denidis@pcweek.ru
19634 denisov@businessreklama.ru
116592 Kostia-b@hotmail.com
103108 lena@k-r.ru
14785 nvcluchko@mailfrom.ru
85239 director@klondike-studio.ru
53554 fertovavera@gmail.com
123966 lextor93@gmail.com
97442 davletshin@shop.terminal.ru
108449 fbi-danil@mail.ru
23658 rem66@mail.ru
103867 nkurennoy@gmail.com
13662 alla@infox.ru
16360 igc@yandex.ru
139252 ygridchin@alfabank.ru
107660 shuulya@mail.ru
18280 denis@hyperian.ru
40872 sallhi@ya.ru
130119 rene11@mail.ru
21972 mayaksn@mail.ru
85117 uriev_i@mail.ru
1181 guru2003@list.ru
24969 v.g.fedorenko@fedorenko.su
125115 info@the-key.ru
28603 velomaniak@gmail.com
83412 vitaliy.v.borodin@gmail.com
99779 kseniak@google.com
106008 olmat@mail.ru
138469 Rodimtseva@yandex.ru
21422 lukina@rim2000.ru
101634 uvd66@ya.ru
27097 mike@inside.ru
45140 macsla@mail.ru
96146 zh@mail.ru
117154 belimova.vlada@gmail.com
121712 boss.n@inbox.ru
124014 vbulygin@gmail.com
1756 pers@adv.ru
125084 aleksandra.malysheva@roche.com
22303 dmitriyevt@gmail.com
100740 potemkina@ashmanov.com
82511 loginovskaya@gmail.com
125147 nomail+savinaaliya@rocid.ru
86457 alexshikhovets@gmail.com
42323 leonari@inbox.ru
106477 aba-diver@mail.ru
137128 vurick@yahoo.com
54223 j.sarviro@live.ru
55306 igor.holin@playfon.ru
87113 grekarts@rambler.ru
103808 0095482@gmail.com
114074 AZhuravlev@ivi.ru
116889 diseo@list.ru
16493 d.satin@usabilitylab.ru
28317 dvs@appp.ru
44399 m.gonenko@gmail.com
13037 tantsereva.elena@yandex.ru
83416 edg@mail.ru
108269 info@vizh.ru
2619 yuri@impr.ru
139385 ivanov@cybercop.ru
4865 vitaliy@rbc.ru
104010 starkovapm@gmail.com
84546 kobiv@mail.ru
102037 ag@tdaily.ru
113342 menschn@ya.ru
13583 d.vasilyev@netcat.ru
122639 znmkrsk@gmail.com
33780 icecaprice@mail.ru
103218 lbet@mail.ru
31094 gorbassenko@ya.ru
40023 chesn@aha.ru
43358 bank.ru.credit.ru@gmail.com
15316 degterev@niir.ru
37399 ivan.sizyakin@gmail.com
101876 szhirikhin@assist.ru
46295 m.o.s.c.o.w@mail.ru
113268 ilya-panfilov@mail.ru
11154 vstrakh@yandex.ru
137263 EugeniaShirokova@gmail.com
40558 fetisov@yandex-team.ru
94867 e.y.zotova@gmail.com
27484 skb@mamba.ru
131050 maltsevannn@yandex.ru
104504 gta.4.man@yandex.ru
107480 ramilnizamiev@gmail.com
42911 svejik@mail.ru
43941 indian@bk.ru
29138 usyatinskiy@mail.ru
19531 anton.ustyugov@mail.ru
20176 costok@rim2000.ru
13946 d.sharov@citytelecom.ru
93534 alexkuzmin47@gmail.com
113318 itlab33@gmail.com
18155 nikishof@gmail.com
96504 nomail@rocid.ru
105561 m.demyanets@gmail.com
35688 jayf@yandex.ru
113686 asmolov.a@firo.ru
123973 e-top@bk.ru
2081 info@cair.ru
86892 artmdesign@yandex.ru
12502 vladim@microsoft.com
124968 al-goz@bk.ru
91584 moruz@napishi.org
84750 tsimb@list.ru
125094 Lera200771@mail.ru
124473 moukhin@r-broker.ru
125087 andrey1182@yandex.ru
81843 jadveitti@gmail.com
11881 d_akinshin@denco.ru
39953 livonmartinov@mail.ru
51307 guygud@gmail.com
98808 info@e-parta.ru
102931 marina-yanina@yandex-team.ru
123940 reaper2000@bk.ru
113664 pakhomov_ilya@list.ru
56981 annika.ya@gmail.com
125131 ybobrakova@megalabs.ru
108391 llx@llx.ru
113670 lokkersp@gmail.com
101895 iva.gree@gmail.com
54944 malceffsergey@mail.ru
12676 nikpr@microsoft.com
16582 antonio.nazarov@gmail.com
13752 krutskih@agima.ru
83374 pashtik@mail.ru
117420 roman.radionov@mobikit.ru
42572 goonya@list.ru
17241 manager@businessreklama.ru
43342 pavlovn@inbox.ru
2367 dobromelov@mail.ru
45038 alroser@yandex.ru
54293 rdin@rdin.ru
113613 rocid.nomail+moshkovalexey@gmail.com
101679 maxim.kuzin@gmail.com
88611 valena-yar@mail.ru
14723 yuri.ustinov@gmail.com
119918 contact@completo.ru
111280 serzar@gmail.com
113620 rocid.nomail+shamolinmihail@gmail.com
43176 smirnova_iv@imagroup.ru
124512 lunin_d@reklamy.ru
33788 midway@mail.ru
83161 arsarthur@gmail.com
83431 mioom@mail.ru
125057 Prospero067@gmail.com
35534 arinkaster@gmail.com
101573 zevvs@sibirix.ru
139355 essl@mail.ru
28634 gousakova@gmail.com
45689 dexterspb@mail.ru
125112 vena1408@bk.ru
391 polak@cemi.rssi.ru
44041 evk.81@mail.ru
91430 mag-25@psyh.ru
100708 dirtysy@gmail.com
31887 kapoo_t@mail.ru
40710 ATchibisov@HotBox.ru
95246 swapm@mail.ru
98035 vorontsov75@bk.ru
48481 etrushina@yandex.ru
116043 savichk@list.ru
117670 mygiftblog@gmail.com
4694 anna@appp.ru
87934 acdmaslovsky@mail.ru
44057 andrey_promo@mail.ru
54858 daria@agima.ru
14972 pfur@mail.ru
49674 nastasya.555@mail.ru
105996 levner@benran.ru
106616 secretary@rumyantsevconsulting.ru
108454 fotogeo@mail.ru
19880 barsukovae@list.ru
125089 varhangelskiy@amf.ru
94535 daswahr@gmail.com
101519 ta6ak@ya.ru
15100 svetik_lss@mail.ru
118818 shishkinasophie@gmail.com
108866 dsk@entensys.com
108180 letters2020@mail.ru
122667 protasova@trilan.ru
82376 pr-effect@mail.ru
125060 nospamit@mail.ru
138990 balzanov@litclub.ru
1910 tsern@yandex.ru
104350 Chirkov-aleksey@yandex.ru
126045 yakov.mendeleev@rt.ru
102137 devtim@pochta.ru
95066 secretar@nectarin.ru
137036 vika.p.86@mail.ru
16403 margor@bk.ru
98835 harweb@ya.ru
105136 arina@bardabas.ru
13421 a.yablonskikh@gmail.com
22636 s.beregulina@gmail.com
84854 bsd1985@mail.ru
88146 mysoultrade@gmail.com
97957 olsvech@mail.ru
91168 silorion@gmail.com
122320 oavdoshina@russianpromo.ru
126269 tumbina_nv@golder-e.ru
54781 iavtaev@parma-telecom.ru
43515 Kira.Kiryukhina@RT.RU
15916 irina.karabanova@gmail.com
101415 anton.gorelkin@gmail.com
42673 a.kovalenko@paradisegroup.ru
104457 mariana8989@gmail.com
84483 vasin-home@mail.ru
80444 dir@3davinci.ru
14698 armader@rambler.ru
40959 lsvtc@mail.ru
123020 alexander.gordienko38@gmail.com
129261 kozyrevamv@gmail.com
1642 info@jeton.ru
103969 zheka375@yandex.ru
124252 alexei.r@livetex.ru
2037 pavel@oborot.ru
88267 a.fomin2010@gmail.com
88479 bachi8908@mail.ru
29026 efim1706@mail.ru
86366 shashenkova@gmail.com
125129 d_kuzmin@denco.ru
125093 it@sweets.ru
79541 trioalex@yandex.ru
6196 optimal-audit@mail.ru
1556 tat_trouble@mail.ru
42601 agrachov@outlook.com
118286 skatorova@gmail.com
97341 niodintsov@gmail.com
50899 nem@yandex-team.ru
113445 a.yarmina@gmail.com
601 dk@litclub.ru
18750 artem.lebsak@joom.ru
15712 nataliS2001@yandex.ru
45202 ugay_aleks@mail.ru
123261 sli@akc.ru
113319 tuhapatuha@mail.ru
113709 x-mera@mail.ru
84177 artem@topinstitute.ru
84498 dmitriy@isaev.nsk.ru
97656 ollu@realweb.ru
49456 a.nedyak@minsvyaz.ru
106936 kalinovskiy@nic.ru
14329 st@i-free.ru
1965 nickolay@uniqsystems.ru
1144 factvideo21@yandex.ru
42929 nicknv@aha.ru
123437 Greendecline@gmail.com
102749 ceo@lakehouse.ru
21893 dbraushkin@me.com
37064 polina@adlabs.ru
113150 Dmitriy.Shulepin@ntvplus.com
125119 ne-blandinka@mail.ru
610 borisovaai@gmail.com
837 leonid.filatov@gmail.com
40615 map@vardi.ru
107613 nikita.zuev@gmail.com
29830 kotov_d_n@mail.ru
464 3am@tc-sfera.ru
2404 r.aliev@gmail.com
29984 vharitonov@gmail.com
95644 moscuf@ya.ru
124633 alexrozhkov1982@mail.ru
18458 ilia@inbox.ru
20993 emin.aliev@buongiorno.com
82810 smolroma@gmail.com
19582 msysoikina@gmail.com
125085 arkady@koleso-russia.ru
45677 stalkercity@rambler.ru
121709 komissarov.stanislav@gmail.com
77777 gromova@raec.ru
43349 eturtseva@beeline.ru
124269 tcolonel@gmail.com
13906 revich@lib.ru
20318 alfaen@yandex.ru
103103 mindwrapper@gmail.com
19625 densid@gmail.com
53591 irkmetal@mail.ru
101339 khlas@yandex.ru
122805 info@igrodog.ru
125122 vdavydova@i-core.ru
49844 1302924@gmail.com
117902 zoya.prigodina@gmail.com
138506 berezka97@yandex.ru
101416 eliteservers@mail.ru
109513 artemov-86@mail.ru
79369 dan@studcity.ru
44065 julia.dineeva@sravni.ru
106736 andtol@inbox.ru
125133 ynk@10ballov.ru
94727 prompog@mail.ru
123433 lmgulieva@gmail.com
95899 elena.kuznetsova@eldorado.ru
2480 wildgames@mail.ru
139351 zubareva@group-ib.ru
13439 drjeans@list.ru
126169 tatyana.punyakina@sibaritka.com
87580 vit@kom.ru
126167 o.pankina@more-u-dachi.ru
91071 adel@lenta.ru
13761 zama@promo.ru
34647 zoya_protsko@mail.ru
96606 movist@mail.ru
22591 arseni@mosintour.ru
42197 natali.khld@yahoo.com
55378 v.stolberg@grape.ru
114671 kati.b08@gmail.com
137267 basva@rambler.ru
105738 ph.nikolsky@gmail.com
112780 box.sizova@gmail.com
95578 imode@mail.ru
105388 eugene.irisov@gmail.com
9809 mager@mixmarket.biz
48625 pfur@mail.ru
103102 asmanoukian@inbox.ru
125929 nomail+lobkovalex@rocid.ru
139386 mihalev@cybercop.ru
81716 mihaylova@kontaktmedia.ru
82135 isahanyan@gmail.com
125150 nomail+sysoevalex@rocid.ru
108400 morozov@c-tm.ru
113086 o.stavskaya@medianation.ru
17137 binenko@gmail.com
29080 ibabich@mail.ru
47065 gregory.manov@gmail.com
139338 infosemiros@gmail.com
12960 oleg.milyukov@gmail.com
54540 denis-stile@yandex.ru
81423 lecsys77777@mail.ru
84959 MK190@yandex.ru
16670 rodionov@internetmediaholding.com
57259 mricko@gmail.com
105468 gandreev@detski-ostrov.ru
9734 medrish@gmail.com
126283 tany.vaseva@gmail.com
44677 ovv05@bk.ru
128077 admin@contenton.ru
2529 dasha.barinova@gmail.com
18341 tatoxa@yandex.ru
124655 vlad@domro.ru
125132 allex_yoja@mail.ru
54594 oekhokhlova@gmail.com
121749 e-commerce@itaita.ru
124970 owldi@mail.ru
54544 skuranova@gmail.com
13529 ealun@mail.ru
83578 efatkullin@gmail.com
121822 dionis-v@yandex.ru
83321 jungland48@yandex.ru
38287 spb@bipartner.ru
11678 prospero999@mail.ru
84474 plugotarenko@me.com
113521 vypusk-uk@yandex.ru
106848 tibhar940@gmail.com
35832 olgun@yandex-team.ru
95827 efirsova2@yandex.ru
98644 maknasty@mail.ru
124885 tarasenkolg@mail.ru
125121 ra@ural56.ru
19280 ok@articul.ru
1465 s@spivak.ru
125939 nomail+burmistrovoleg@rocid.ru
84798 karina@convergent-usa.com
113269 lidia-panfilova@mail.ru
124891 1@zeughaus.ru
85022 fedorenko-an@yandex.ru
12563 edmur@mail.ru
49533 andrei_grishin@inbox.ru
87686 it@tisn.ru
102499 milk74new@yandex.ru
125908 nomail+ilichenkovladislav@rocid.ru
105926 alekc28@bk.ru
118506 vladimir.kynin@gmail.com
17261 slava@slava.org
44362 vbelchenko@gmail.com
125105 Tikhonova@lpole.ru
23804 mzudin@mail.ru
40508 yevm50@gmail.com
14589 KSolodilova@advert.ru
48779 ruslan.gustomyasov@gmail.com
105986 sss@ya.ru
86757 denisshubenok@yandex.ru
15648 chistov@therunet.com
40598 len_mag@mail.ru
125136 nomail+vnukovaoksana@rocid.ru
5106 ingalevv@gmail.com
14763 wbk59@mail.ru
35287 nikitin@internetmediaholding.com
116392 kostya@qb-i.ru
96193 finas@finas.su
113528 corona0mundi@mail.ru
125090 agritsik@amf.ru
83313 contact@bronskiy.com
20728 vitaly.zubarev@gmail.com
16859 i.zaichenko@spbnet.ru
109954 bestwebdoctors@gmail.com
54903 p.katkov@iplawyer.ru
43771 yohanga84@bk.ru
93168 clayder@yandex.ru
9323 mk1060@gmail.com
15798 Pugachev_ps@pitandred.ru
43432 abramovreut@mail.ru
10414 c_p@mail.ru
15487 teya8@mail.ru
120272 sebursky@yandex.ru
45980 iv.shpagin@gmail.com
128901 oleg1024@inbox.ru
100650 s.denisova@ashmanov.com
607 gulina@rocit.ru
84732 SjanMay@gmail.com
106628 ezharikova@rumyantsevconsulting.ru
124349 prohor.mak@gmail.com
42945 yk060774@mail.ru
86780 pifagor85@gmail.com
113525 dd.step42@gmail.com
125108 pegasmarketing@gmail.com
37239 vpetrunin@inbox.ru
116583 a.garusev@cdnvideo.ru
87098 ivm@taxcom.ru
43818 niorlova@mail.ru
113798 sselenav@gmail.com
29716 anna.potapova@1c-bitrix.ru
32925 e.minina@domenus.ru
9548 pavel@cherkashin.ru
105583 evgenikys2@gmail.com
107370 stepanenkolilia@gmail.com
609 natalia@1c-bitrix.ru
13938 yevguenykhramov@gmail.com
13295 avs@1c-bitrix.ru
117376 max@ony.ru
113531 AAMatveeva@beeline.ru
18176 jmeprogrammer@gmail.com
55268 abrysnika@gmail.com
124599 i.lubeznikova@ruru.ru
139414 iniciarse@gmail.com
28207 markowa@rambler.ru
114624 timur@mediastars.ru
126295 famas89@mail.ru
112711 jeka1504@mail.ru
10513 ivan@oborot.ru
113458 leonid@elcom-tele.com
86886 89055289898@mail.ru
109652 tk4@list.ru
469 dmitry.glavatskiy@marketgid.com
102302 nsuhareva@eaoi.ru
125103 reception@lpole.ru
85770 van4oys@gmail.com
107878 vvlasova@russianpromo.ru
109282 Golovin.Anton@gmail.com
1244 plushev@gmail.com
113480 vikalivewire@mail.ru
42739 lina78@mail.ru
97892 allkastop@yandex-team.ru
14270 garnier@yandex.ru
113742 prettyarsy@ya.ru
17221 re3@mail.ru
48446 master@utlab.ru
109213 disol@mail.ru
78484 d9127939656@yandex.ru
6332 rocid.nomail+volinalexey@gmail.com
16222 admin@gorod-spravka.ru
88117 sales@sostav.ru
95069 butrimov@bk.ru
125097 Maria.LEVCHENKO@raiffeisen.ru
122262 ilya.chertilov@gmail.com
124976 bubushiningass@gmail.com
139325 forj@mail.ru
45764 souvalsk@gmail.com
50508 chekanov@gmail.com
10297 kulikov@inforeklama.ru
137121 info@it-aks.ru
54384 nkonoplyannikov@gmail.com
113564 Yuliana.Sokolenko@RT.RU
122824 alexandre.prokoudine@gmail.com
3810 agsharov@yandex.ru
13916 ks@ashmanov.com
95924 dimast@inch.ru
95938 abmitrofan@mail.ru
98204 varvara.utkina@temind.com
39804 av_kashin@mail.ru
123662 cio@kotofey.ru
38979 AnytkaKornilova@gmail.com
108229 denis@101domain.ru
125137 nomail+zuevaanna@rocid.ru
113180 info@mts.ru
45866 freziy_63@yahoo.com
34508 timoshenko@corp.mail.ru
32192 m.korneev@bk.ru
40445 Yelena.Seregina@mts.ru
107455 triiiada@rambler.ru
36625 volter85@gmail.com
84488 paulvertum@gmail.com
14034 metallurgia@mail.ru
18667 sambucus@mail.ru
103657 petrosyan@stanki.ru
128641 Annabuk@gmail.com
117241 2246636@gmail.com
14948 oleg7705@gmail.com
1515 andrei.golovin@gmail.com
19744 kareglazaya3000@yandex.ru
44896 di.epihin@gmail.com
97894 sulava@gmail.com
118827 stamp12@gmail.com
10106 losev@calligraph.ru
139387 selivanov@cybercop.ru
21805 pb@undersky.ru
28439 katyagur@mail.ru
85382 shevlyakov.nikita@gmail.com
49768 dmitrstar@rambler.ru
124295 alexey.mazurkevich@gmail.com
18218 dmitry43@mail.ru
28926 dvbirve@yandex.ru
25730 skokorin@yandex.ru
32169 kop2@ya.ru
26471 Doooodik@rambler.ru
126160 nomail+sorokinanadejda@rocid.ru
133122 bounko@gmail.com
611 rsv@1c-bitrix.ru
1827 info@joomla.ru
18153 suvorovapr@yandex.ru
54702 freeqs@gmail.com
123329 nsedegova@parma-telecom.ru
14707 ol1313@mail.ru
93472 maria-s86@yandex.ru
13881 vvb@nic.ru
96078 viktoria-aleks@yandex-team.ru
113495 aakinin@web-control.ru
56560 obarantsev@mail.ru
110718 elenapuzova@yandex.ru
139388 sabitov@cybercop.ru
103070 kiselev72@gmail.com
55575 aproxart@mail.ru
105000 lkazachenkova@gmail.com
105058 i@555a.ru
106598 sushinov@mail.ru
124607 o.kubyshkin@grape.ru
21053 admin@jirov.ru
40431 reporterkorg@mail.ru
105728 Georgepavlov3@gmail.com
123467 alxkurnosov@gmail.com
139292 rshield@aha.ru
1996 pglazyrina@podolsk.ru
13170 asmadews@gmail.com
85103 paladiev@mail.ru
130713 evg.mcsimoff@gmail.com
49327 insolar-web@yandex.ru
15138 bolislavich@gmail.com
54629 pavel@karpenko.biz
96883 victor@aeroidea.ru
125095 manager@pswstroy.ru
130104 kirol2011@gmail.com
26957 sesil_pat@mail.ru
105002 7dad7@mail.ru
123610 podobniy.maxim@gmail.com
124368 konstantin.gologrudov@mylifeunlimited.com
138952 georgievmisha1990@gmail.com
20615 korenkov@integr.ru
85773 julie.delvaux@gmail.com
106612 vtabachnikov@rumyantsevconsulting.ru
90744 s.vyaltsev@wobot.ru
50702 atokmakova@ddestiny.ru
39038 max@arealidea.ru
128060 smaslin@megalabs.ru
95836 web@td-eurotrade.ru
11766 vs@twinscom.ru
55243 vkhiteeva@gmail.com
120012 vg.alexandrov@yandex.ru
34359 sasha@stogov.ru
13021 zhdanov@demos.ru
19937 glebov@gosniias.ru
125123 web@olga-travel.ru
19096 anna@adv.ru
48592 anton@korobkov.tv
102233 Iliopulo@ya.ru
113565 rocid.nomail+udovichenkogennadiy@gmail.com
108549 svan@nic.ru
79393 mageva@yandex.ru
96454 nomail@rocid.ru
122298 ap-5@ya.ru
19314 andrei.vajenin@gmail.com
28311 debt-agency@mail.ru
86283 nomail@rocid.ru
337 plugotarenko@gmail.com
785 flighto@mail.ru
50955 egor@cashisbetter.ru
105570 a.bogdanov91@gmail.com
103021 d.filonov@rian.ru
5487 tvs@kanobu.ru
80944 maslennikov@corp.mail.ru
99534 autolkachev@gmail.com
42367 ip-snk@mail.ru
101731 pr@advertpro.ru
125173 Nadezhda.Chernikova@RT.RU
106424 686380@mail.ru
112794 e.potapkina@gmail.com
137181 azumimel@gmail.com
108955 tresor78@mail.ru
97146 nomail@rocid.ru
55561 mail@jetd.ru
8414 kchistov@gmail.com
87609 sgorev@free-lance.ru
101868 weva@mail.ru
46257 gb@chernyak.ru
100877 ybarinov@gmail.com
138859 data_redfox@mail.ru
22363 GushkovSV@gmail.com
125127 d_sautin@denco.ru
102136 chauffeur@mail.ru
123876 varenich@gmail.com
119767 asimptata@gmail.com
343 mark@rocit.ru
382 sergey@ashmanov.com
123573 golyakovalexey@gmail.com
111347 tav@agente.ru
127779 lp@iks-media.ru
83179 it-integral@yandex.ru
118375 irina.p.g@mail.ru
51316 ldn@webexpert.ru
81818 natashka-08@mail.ru
26363 vasya.pupkin@bk.ru
118421 zaseev@yandex.ru
108345 kate-sw@mail.ru
21965 sitemaker@pocherk.ru
123623 blackbeatlesinmyhead@gmail.com
29695 konstantin.tkachenko@lenvendo.ru
1238 ko@email.su
106387 mae@roma.ua
91304 egor.panchenko@mail.ru
84141 zhuravlevkir@rambler.ru
95850 yulrylova@gmail.com
107052 glavtema@mail.ru
56303 ms@megaplan.ru
138470 g.l.osipov@gmail.com
29039 nail.baikov@gmail.com
131761 gennady.40@mail.ru
17759 marina.kashcheeva@gmail.com
41149 dimitrit@yandex.ru
104153 phd.fedorov@gmail.com
139295 ishapoval@masterhost.ru
106933 a7244518@nepwk.com
28286 info200@yandex.ru
22438 dlshmakov@gmail.com
23228 aak_46@mail.ru
105400 i828@mail.ru
113680 kbochkarev@gmail.com
109260 fonfaron@gmail.com
122189 tarasova@advertpro.ru
113486 prav.ul@yandex.ru
96070 avbunkov@gmail.com
113487 stanislav.shevchenko@high-competence.ru
44871 tarlykov@gmail.com
49519 george.kozlov@gmail.com
119613 omamchueva@yandex.ru
42989 jenova@mail.ru
124959 m7d7o7@gmail.com
85673 egor.ulin@comdi.com
96784 Oleg.Rumyantsev@rt.ru
33868 rumyantsev.vadim@gmail.com
85320 okarpova2008@gmail.com
92545 NIllarionova@croc.ru
128735 korobkovapolina@gmail.com
2277 nadyam@ashmanov.com
106929 serverhead@mail.ru
86365 udzhinl@gmail.com
95739 dlyalina@zagruzka.com
113642 zajcevaan@yandex.ru
100724 redaktor@privacy-journal.ru
113672 a-irmesh@microsoft.com
21171 Kufeld@list.ru
130003 vadkim.work@gmail.com
40151 alkoum@alkoum.com
108466 v.alekseev@hoster.ru
109622 evg.sidorovsky@gmail.com
86529 pr@pirogov.ru
21147 rikkind@gmail.com
104017 cirkul@inbox.ru
123125 kislenko@ovkuse.ru
82957 a01234@mail.ru
83541 lo_@bk.ru
125859 info@3dvisor.ru
126641 rail-k@hotmail.com
139178 olgolov@microsoft.com
125932 rocid+gobovalex@rocid.ru
55901 noison@mail.ru
92246 andrew.vlaskin@gmail.com
4180 solo12344327@rambler.ru
92641 5mail@list.ru
103995 avtor06@rambler.ru
2268 drogalin@gmail.com
96948 vikavick@yandex.ru
54697 klyopov@gmail.com
113566 madina.bogatyreva@gmail.com
20501 ok@infospice.ru
110609 agatha7891@bk.ru
124753 cfo@kubim.ru
13964 alexander.aliev@gmail.com
34209 smerkis@gmail.com
49483 ksavary@mail.ru
86056 natalia.sinchuk@gmail.com
139407 shcheglovmail@gmail.com
122214 kuvrus@gmail.com
22861 archonok@mail.ru
125092 info-sosna@yandex.ru
15088 mp@megaplan.ru
91440 kolodiychuk_e@reklamy.ru
16344 dm@terracreativa.ru
104371 m-magzhanov@yandex.ru
13767 admin@figvam.ru
124755 elle7sid@gmail.com
20385 aurin@mail.ru
125130 nomail+tinyakovaevg@rocid.ru
17445 sergey@bolisov.ru
42769 hilb4er@mail.ru
42968 vakar2003@list.ru
118658 Artur.Sarkisov@RT.RU
53392 telman.akavov@gmail.com
48579 oleggenin@ya.ru
137169 v.semerikov@maxus.ru
103991 hanter_72@mail.ru
82380 imikaelyan@rbc.ru
88065 elena@amiro.ru
30614 boxsab@gmail.com
107976 kamgid@gmail.com
17602 konovalov@marketing-audit.ru
49509 a.rylik@rambler-co.ru
29798 nekrassovan@mail.ru
106388 irina.pecherina@hkstrategies.com
29628 i.khimchenko@minsvyaz.ru
59999 sd@raec.ru
138466 etsvetkova@masterhost.ru
85070 viewcont@gmail.com
86517 evp0402@gmail.com
103988 andrei-posad@yandex.ru
106403 abodapan@gmail.com
6028 martynof@martynof.net
127427 o.suvorova@auto-pilot.pro
13493 Irene.Medvedeva@gmail.com
51557 id@artwell.ru
13697 y.gorodetsky@gmail.com
90826 sp@timetovisit.ru
14940 drobyshev4@rambler.ru
129643 vegaz2k@gmail.com
111231 filina.alla@gmail.com
50068 troublmaker@ya.ru
97260 azalexei@gmail.com
7702 natalya@avp.ru
137580 sv87@list.ru
44983 tekunova@yandex.ru
93026 klassmail@inbox.ru
40731 shepel.89@mail.ru
38389 krasav4ik_vip@mail.ru
104348 viktoria.chistova@philips.com
42814 amb64@yandex.ru
122437 i.basyrov@d2mg.ru
124103 xycca@me.com
108647 anastasiya.matveeva@gazeta.ru
55193 ltikhomirov@parma-telecom.ru
19477 alexnaumenko@gmail.com
28645 erjemin@gmail.com
21069 klera.exe@gmail.com
108405 ms@i-horizons.com
1466 bulanov.dmitry@gmail.com
125323 anton@arbatholding.ru
126291 tatiana.bazlova@gmail.com
138873 for_all76@mail.ru
13175 vkozlov@tv-culture.ru
30455 office@vida.ru
113463 paul1lf@yahoo.com
55101 oldi@yandex-team.ru
95709 vikanaiman@gmail.com
34720 fedbmstu@gmail.com
102737 stas.zimin@reddesigners.ru
90714 tolindt@gmail.com
50125 anna@rubey.ru
14083 roman@element.ru
105639 o_ivanov@rpkb.ru
139166 www@adronov.ru
55108 lamzin@yandex-team.ru
103258 Hotaru1202@yandex.ru
38878 kotov@xqdesign.ru
45690 photo.shitikova@mail.ru
125134 EB@saxobank.com
115603 marina.mashanova@wikimart.ru
105674 amnezium@bk.ru
44196 lena@voodoo.ru
117693 semechkin.m@gmail.com
12167 2697.g23@g23.relcom.ru
13367 andrey@webprofiters.ru
123536 delphini@ya.ru
78388 spam@nilgromov.ru
19573 D.Bavykin@arsnum.com
28627 esn@butovo.com
98154 mork-gryning@yandex.ru
13708 zoubko@demos.ru
139350 alexander.mazanov@ketchum.com
