time   : 24.04.2013 16:33:25
from   : users@runet-id.com
to     : nikitin@internetmediaholding.com
subject: Успешная оплата счета на Российский  Интернет Форум «РИФ+КИБ 2013»
---
time   : 24.04.2013 16:33:49
from   : users@runet-id.com
to     : eleonora.nikiforova@expertsender.ru
subject: Успешная оплата на Российский  Интернет Форум «РИФ+КИБ 2013»
---
time   : 26.04.2013 18:46:03
from   : users@rif.ru
to     : tigran@tigran.am
subject: Ваш статус на РИФ+КИБ 2013 изменен на "Участник" 
---
time   : 26.04.2013 18:46:03
from   : users@runet-id.com
to     : tigran@tigran.am
subject: Успешная оплата счета на Российский  Интернет Форум «РИФ+КИБ 2013»
---
